<?xml version="1.0" encoding="UTF-8"?>
<!-- Generated by org.testng.reporters.JUnitReportReporter -->
<testsuite hostname="lina-VirtualBox" name="com.example.exam.final_project.CalculatorTest" tests="6" failures="0" timestamp="14 Dec 2017 21:07:38 GMT" time="0.901" errors="0">
  <testcase name="testProcent" time="0.204" classname="com.example.exam.final_project.CalculatorTest"/>
  <testcase name="testDegreesToRadians" time="0.015" classname="com.example.exam.final_project.CalculatorTest"/>
  <testcase name="testPow" time="0.275" classname="com.example.exam.final_project.CalculatorTest"/>
  <testcase name="testCos" time="0.211" classname="com.example.exam.final_project.CalculatorTest"/>
  <testcase name="testSin" time="0.126" classname="com.example.exam.final_project.CalculatorTest"/>
  <testcase name="testEulers" time="0.070" classname="com.example.exam.final_project.CalculatorTest"/>
</testsuite> <!-- com.example.exam.final_project.CalculatorTest -->
