<?xml version="1.0" encoding="UTF-8"?>
<!-- Generated by org.testng.reporters.JUnitReportReporter -->
<testsuite hostname="lina-VirtualBox" name="com.example.exam.final_project.CalculatorTest" tests="4" failures="0" timestamp="14 Dec 2017 13:24:36 GMT" time="1.053" errors="0">
  <testcase name="testDegreesToRadians" time="0.027" classname="com.example.exam.final_project.CalculatorTest"/>
  <testcase name="testCos" time="0.333" classname="com.example.exam.final_project.CalculatorTest"/>
  <testcase name="testSin" time="0.302" classname="com.example.exam.final_project.CalculatorTest"/>
  <testcase name="testPow" time="0.391" classname="com.example.exam.final_project.CalculatorTest"/>
</testsuite> <!-- com.example.exam.final_project.CalculatorTest -->
