<?xml version="1.0" encoding="UTF-8"?>
<!-- Generated by org.testng.reporters.JUnitReportReporter -->
<testsuite hostname="lina-VirtualBox" name="com.example.exam.final_project.BasicCalculatorTest" tests="4" failures="0" timestamp="14 Dec 2017 21:07:38 GMT" time="1.397" errors="0">
  <testcase name="testDivision" time="0.333" classname="com.example.exam.final_project.BasicCalculatorTest"/>
  <testcase name="testMultiplication" time="0.600" classname="com.example.exam.final_project.BasicCalculatorTest"/>
  <testcase name="testSubtracktion" time="0.223" classname="com.example.exam.final_project.BasicCalculatorTest"/>
  <testcase name="testAddition" time="0.241" classname="com.example.exam.final_project.BasicCalculatorTest"/>
</testsuite> <!-- com.example.exam.final_project.BasicCalculatorTest -->
